{
  "meta": {
    "format": 3,
    "version": "7.6.12",
    "timestamp": "2025-02-24T18:01:13.318610",
    "branch_coverage": false,
    "show_contexts": false
  },
  "files": {
    "src/mactime/__init__.py": {
      "executed_lines": [
        0
      ],
      "summary": {
        "covered_lines": 0,
        "num_statements": 0,
        "percent_covered": 100.0,
        "percent_covered_display": "100",
        "missing_lines": 0,
        "excluded_lines": 0
      },
      "missing_lines": [],
      "excluded_lines": [],
      "functions": {
        "": {
          "executed_lines": [],
          "summary": {
            "covered_lines": 0,
            "num_statements": 0,
            "percent_covered": 100.0,
            "percent_covered_display": "100",
            "missing_lines": 0,
            "excluded_lines": 0
          },
          "missing_lines": [],
          "excluded_lines": []
        }
      },
      "classes": {
        "": {
          "executed_lines": [],
          "summary": {
            "covered_lines": 0,
            "num_statements": 0,
            "percent_covered": 100.0,
            "percent_covered_display": "100",
            "missing_lines": 0,
            "excluded_lines": 0
          },
          "missing_lines": [],
          "excluded_lines": []
        }
      }
    },
    "src/mactime/__main__.py": {
      "executed_lines": [],
      "summary": {
        "covered_lines": 0,
        "num_statements": 3,
        "percent_covered": 0.0,
        "percent_covered_display": "0",
        "missing_lines": 3,
        "excluded_lines": 0
      },
      "missing_lines": [
        1,
        4,
        5
      ],
      "excluded_lines": [],
      "functions": {
        "": {
          "executed_lines": [],
          "summary": {
            "covered_lines": 0,
            "num_statements": 3,
            "percent_covered": 0.0,
            "percent_covered_display": "0",
            "missing_lines": 3,
            "excluded_lines": 0
          },
          "missing_lines": [
            1,
            4,
            5
          ],
          "excluded_lines": []
        }
      },
      "classes": {
        "": {
          "executed_lines": [],
          "summary": {
            "covered_lines": 0,
            "num_statements": 3,
            "percent_covered": 0.0,
            "percent_covered_display": "0",
            "missing_lines": 3,
            "excluded_lines": 0
          },
          "missing_lines": [
            1,
            4,
            5
          ],
          "excluded_lines": []
        }
      }
    },
    "src/mactime/_cli_interface.py": {
      "executed_lines": [
        1,
        3,
        4,
        5,
        6,
        7,
        8,
        9,
        10,
        11,
        12,
        13,
        14,
        15,
        16,
        17,
        18,
        19,
        20,
        22,
        25,
        28,
        29,
        30,
        31,
        32,
        35,
        36,
        37,
        38,
        54,
        64,
        69,
        70,
        71,
        72,
        73,
        74,
        76,
        77,
        79,
        80,
        82,
        85,
        86,
        87,
        89,
        98,
        99,
        100,
        102,
        103,
        106,
        114,
        115,
        116,
        123,
        124,
        127,
        128,
        143,
        144,
        145,
        146,
        149,
        151,
        152,
        157,
        158,
        159,
        160,
        161,
        165,
        167,
        174,
        175,
        182,
        184,
        186,
        187,
        188,
        189,
        191,
        192,
        193,
        194,
        195,
        196,
        198,
        199,
        200,
        201,
        202,
        204,
        205,
        206,
        212,
        218,
        219,
        221,
        222,
        223,
        224,
        225,
        226,
        227,
        228,
        229,
        231,
        232,
        234,
        236,
        237,
        238,
        242,
        248,
        249,
        250,
        252,
        253,
        254,
        255,
        261,
        263
      ],
      "summary": {
        "covered_lines": 119,
        "num_statements": 143,
        "percent_covered": 83.21678321678321,
        "percent_covered_display": "83",
        "missing_lines": 24,
        "excluded_lines": 10
      },
      "missing_lines": [
        39,
        40,
        41,
        43,
        44,
        45,
        47,
        48,
        50,
        51,
        104,
        125,
        129,
        130,
        131,
        133,
        134,
        135,
        136,
        138,
        139,
        141,
        162,
        163
      ],
      "excluded_lines": [
        167,
        168,
        169,
        172,
        175,
        179,
        207,
        208,
        212,
        213
      ],
      "functions": {
        "HelpfulParser.error": {
          "executed_lines": [
            30,
            31,
            32
          ],
          "summary": {
            "covered_lines": 3,
            "num_statements": 3,
            "percent_covered": 100.0,
            "percent_covered_display": "100",
            "missing_lines": 0,
            "excluded_lines": 0
          },
          "missing_lines": [],
          "excluded_lines": []
        },
        "handle_cli_exception": {
          "executed_lines": [
            37,
            38
          ],
          "summary": {
            "covered_lines": 2,
            "num_statements": 12,
            "percent_covered": 16.666666666666668,
            "percent_covered_display": "17",
            "missing_lines": 10,
            "excluded_lines": 0
          },
          "missing_lines": [
            39,
            40,
            41,
            43,
            44,
            45,
            47,
            48,
            50,
            51
          ],
          "excluded_lines": []
        },
        "arg": {
          "executed_lines": [
            64,
            69,
            70,
            71,
            72,
            73,
            74,
            76,
            77,
            79,
            80,
            82
          ],
          "summary": {
            "covered_lines": 12,
            "num_statements": 12,
            "percent_covered": 100.0,
            "percent_covered_display": "100",
            "missing_lines": 0,
            "excluded_lines": 0
          },
          "missing_lines": [],
          "excluded_lines": []
        },
        "Command.is_cli": {
          "executed_lines": [
            100
          ],
          "summary": {
            "covered_lines": 1,
            "num_statements": 1,
            "percent_covered": 100.0,
            "percent_covered_display": "100",
            "missing_lines": 0,
            "excluded_lines": 0
          },
          "missing_lines": [],
          "excluded_lines": []
        },
        "Command.__post_init__": {
          "executed_lines": [
            103,
            106,
            114,
            115,
            116
          ],
          "summary": {
            "covered_lines": 5,
            "num_statements": 6,
            "percent_covered": 83.33333333333333,
            "percent_covered_display": "83",
            "missing_lines": 1,
            "excluded_lines": 0
          },
          "missing_lines": [
            104
          ],
          "excluded_lines": []
        },
        "Command.__call__": {
          "executed_lines": [],
          "summary": {
            "covered_lines": 0,
            "num_statements": 1,
            "percent_covered": 0.0,
            "percent_covered_display": "0",
            "missing_lines": 1,
            "excluded_lines": 0
          },
          "missing_lines": [
            125
          ],
          "excluded_lines": []
        },
        "Command.run": {
          "executed_lines": [],
          "summary": {
            "covered_lines": 0,
            "num_statements": 10,
            "percent_covered": 0.0,
            "percent_covered_display": "0",
            "missing_lines": 10,
            "excluded_lines": 0
          },
          "missing_lines": [
            129,
            130,
            131,
            133,
            134,
            135,
            136,
            138,
            139,
            141
          ],
          "excluded_lines": []
        },
        "Command.from_namespace": {
          "executed_lines": [
            145,
            146,
            149
          ],
          "summary": {
            "covered_lines": 3,
            "num_statements": 3,
            "percent_covered": 100.0,
            "percent_covered_display": "100",
            "missing_lines": 0,
            "excluded_lines": 0
          },
          "missing_lines": [],
          "excluded_lines": []
        },
        "Command.populate_arguments": {
          "executed_lines": [
            157,
            158,
            159,
            160,
            161,
            165,
            167,
            174,
            175,
            182,
            184,
            186,
            187,
            188,
            189,
            191,
            192,
            193,
            194,
            195,
            196,
            198,
            199,
            200,
            201,
            202,
            204,
            205,
            206,
            212
          ],
          "summary": {
            "covered_lines": 27,
            "num_statements": 29,
            "percent_covered": 93.10344827586206,
            "percent_covered_display": "93",
            "missing_lines": 2,
            "excluded_lines": 10
          },
          "missing_lines": [
            162,
            163
          ],
          "excluded_lines": [
            167,
            168,
            169,
            172,
            175,
            179,
            207,
            208,
            212,
            213
          ]
        },
        "CLI.run": {
          "executed_lines": [
            223,
            224,
            225,
            226,
            227,
            228,
            229,
            231,
            232,
            234
          ],
          "summary": {
            "covered_lines": 10,
            "num_statements": 10,
            "percent_covered": 100.0,
            "percent_covered_display": "100",
            "missing_lines": 0,
            "excluded_lines": 0
          },
          "missing_lines": [],
          "excluded_lines": []
        },
        "CLI.create_parser": {
          "executed_lines": [
            238,
            242,
            248,
            249,
            250,
            252,
            253,
            254,
            255,
            261,
            263
          ],
          "summary": {
            "covered_lines": 11,
            "num_statements": 11,
            "percent_covered": 100.0,
            "percent_covered_display": "100",
            "missing_lines": 0,
            "excluded_lines": 0
          },
          "missing_lines": [],
          "excluded_lines": []
        },
        "": {
          "executed_lines": [
            1,
            3,
            4,
            5,
            6,
            7,
            8,
            9,
            10,
            11,
            12,
            13,
            14,
            15,
            16,
            17,
            18,
            19,
            20,
            22,
            25,
            28,
            29,
            35,
            36,
            54,
            85,
            86,
            87,
            89,
            98,
            99,
            102,
            123,
            124,
            127,
            128,
            143,
            144,
            151,
            152,
            218,
            219,
            221,
            222,
            236,
            237
          ],
          "summary": {
            "covered_lines": 45,
            "num_statements": 45,
            "percent_covered": 100.0,
            "percent_covered_display": "100",
            "missing_lines": 0,
            "excluded_lines": 0
          },
          "missing_lines": [],
          "excluded_lines": []
        }
      },
      "classes": {
        "HelpfulParser": {
          "executed_lines": [
            30,
            31,
            32
          ],
          "summary": {
            "covered_lines": 3,
            "num_statements": 3,
            "percent_covered": 100.0,
            "percent_covered_display": "100",
            "missing_lines": 0,
            "excluded_lines": 0
          },
          "missing_lines": [],
          "excluded_lines": []
        },
        "Command": {
          "executed_lines": [
            100,
            103,
            106,
            114,
            115,
            116,
            145,
            146,
            149,
            157,
            158,
            159,
            160,
            161,
            165,
            167,
            174,
            175,
            182,
            184,
            186,
            187,
            188,
            189,
            191,
            192,
            193,
            194,
            195,
            196,
            198,
            199,
            200,
            201,
            202,
            204,
            205,
            206,
            212
          ],
          "summary": {
            "covered_lines": 36,
            "num_statements": 50,
            "percent_covered": 72.0,
            "percent_covered_display": "72",
            "missing_lines": 14,
            "excluded_lines": 10
          },
          "missing_lines": [
            104,
            125,
            129,
            130,
            131,
            133,
            134,
            135,
            136,
            138,
            139,
            141,
            162,
            163
          ],
          "excluded_lines": [
            167,
            168,
            169,
            172,
            175,
            179,
            207,
            208,
            212,
            213
          ]
        },
        "CLI": {
          "executed_lines": [
            223,
            224,
            225,
            226,
            227,
            228,
            229,
            231,
            232,
            234,
            238,
            242,
            248,
            249,
            250,
            252,
            253,
            254,
            255,
            261,
            263
          ],
          "summary": {
            "covered_lines": 21,
            "num_statements": 21,
            "percent_covered": 100.0,
            "percent_covered_display": "100",
            "missing_lines": 0,
            "excluded_lines": 0
          },
          "missing_lines": [],
          "excluded_lines": []
        },
        "": {
          "executed_lines": [
            1,
            3,
            4,
            5,
            6,
            7,
            8,
            9,
            10,
            11,
            12,
            13,
            14,
            15,
            16,
            17,
            18,
            19,
            20,
            22,
            25,
            28,
            29,
            35,
            36,
            37,
            38,
            54,
            64,
            69,
            70,
            71,
            72,
            73,
            74,
            76,
            77,
            79,
            80,
            82,
            85,
            86,
            87,
            89,
            98,
            99,
            102,
            123,
            124,
            127,
            128,
            143,
            144,
            151,
            152,
            218,
            219,
            221,
            222,
            236,
            237
          ],
          "summary": {
            "covered_lines": 59,
            "num_statements": 69,
            "percent_covered": 85.5072463768116,
            "percent_covered_display": "86",
            "missing_lines": 10,
            "excluded_lines": 0
          },
          "missing_lines": [
            39,
            40,
            41,
            43,
            44,
            45,
            47,
            48,
            50,
            51
          ],
          "excluded_lines": []
        }
      }
    },
    "src/mactime/cli.py": {
      "executed_lines": [
        1,
        3,
        4,
        6,
        7,
        8,
        9,
        10,
        11,
        12,
        13,
        14,
        15,
        16,
        17,
        18,
        19,
        20,
        21,
        24,
        25,
        27,
        28,
        29,
        32,
        38,
        39,
        40,
        47,
        48,
        49,
        54,
        59,
        65,
        66,
        67,
        68,
        72,
        75,
        81,
        82,
        83,
        100,
        104,
        111,
        112,
        113,
        115,
        118,
        119,
        120,
        122,
        123,
        124,
        126,
        129,
        130,
        131,
        148,
        152,
        153,
        154,
        156,
        161,
        166,
        171,
        178,
        184,
        189,
        195,
        196,
        198,
        199,
        201,
        203,
        210,
        216,
        217,
        218,
        219,
        221,
        225,
        226,
        227,
        230,
        234,
        235,
        236,
        237,
        243,
        244,
        250,
        259,
        260,
        261,
        278,
        281,
        285,
        286,
        291,
        296,
        301,
        306,
        311,
        317,
        323,
        330,
        331,
        332,
        336,
        337,
        339,
        340,
        345,
        348,
        349,
        351,
        352,
        353,
        354,
        357,
        359,
        365,
        372,
        373,
        374,
        388,
        392,
        393,
        398,
        403,
        408,
        413,
        419,
        424,
        429,
        435,
        436,
        437,
        438,
        439,
        441,
        442,
        446,
        448,
        451,
        452,
        458,
        465,
        466,
        467,
        468,
        469,
        472
      ],
      "summary": {
        "covered_lines": 150,
        "num_statements": 166,
        "percent_covered": 90.36144578313252,
        "percent_covered_display": "90",
        "missing_lines": 16,
        "excluded_lines": 0
      },
      "missing_lines": [
        69,
        73,
        78,
        116,
        202,
        204,
        214,
        222,
        223,
        228,
        335,
        341,
        346,
        443,
        449,
        473
      ],
      "excluded_lines": [],
      "functions": {
        "_RecursiveArgs.__post_init__": {
          "executed_lines": [
            66,
            67,
            68,
            72,
            75
          ],
          "summary": {
            "covered_lines": 5,
            "num_statements": 8,
            "percent_covered": 62.5,
            "percent_covered_display": "62",
            "missing_lines": 3,
            "excluded_lines": 0
          },
          "missing_lines": [
            69,
            73,
            78
          ],
          "excluded_lines": []
        },
        "GetCommand.__call__": {
          "executed_lines": [
            112,
            113,
            115,
            118,
            119,
            120,
            122,
            123,
            124,
            126
          ],
          "summary": {
            "covered_lines": 10,
            "num_statements": 11,
            "percent_covered": 90.9090909090909,
            "percent_covered_display": "91",
            "missing_lines": 1,
            "excluded_lines": 0
          },
          "missing_lines": [
            116
          ],
          "excluded_lines": []
        },
        "SetCommand.__post_init__": {
          "executed_lines": [
            196,
            198,
            199,
            201,
            203,
            210
          ],
          "summary": {
            "covered_lines": 6,
            "num_statements": 9,
            "percent_covered": 66.66666666666667,
            "percent_covered_display": "67",
            "missing_lines": 3,
            "excluded_lines": 0
          },
          "missing_lines": [
            202,
            204,
            214
          ],
          "excluded_lines": []
        },
        "SetCommand._prepare_args": {
          "executed_lines": [
            217,
            218,
            219,
            221,
            225,
            226,
            227,
            230,
            234,
            235,
            236,
            237
          ],
          "summary": {
            "covered_lines": 12,
            "num_statements": 15,
            "percent_covered": 80.0,
            "percent_covered_display": "80",
            "missing_lines": 3,
            "excluded_lines": 0
          },
          "missing_lines": [
            222,
            223,
            228
          ],
          "excluded_lines": []
        },
        "SetCommand.__call__": {
          "executed_lines": [
            244,
            250
          ],
          "summary": {
            "covered_lines": 2,
            "num_statements": 2,
            "percent_covered": 100.0,
            "percent_covered_display": "100",
            "missing_lines": 0,
            "excluded_lines": 0
          },
          "missing_lines": [],
          "excluded_lines": []
        },
        "TransferCommand.__post_init__": {
          "executed_lines": [
            331,
            332,
            336,
            337,
            339,
            340,
            345
          ],
          "summary": {
            "covered_lines": 7,
            "num_statements": 10,
            "percent_covered": 70.0,
            "percent_covered_display": "70",
            "missing_lines": 3,
            "excluded_lines": 0
          },
          "missing_lines": [
            335,
            341,
            346
          ],
          "excluded_lines": []
        },
        "TransferCommand.__call__": {
          "executed_lines": [
            349,
            351,
            352,
            353,
            354,
            357,
            359,
            365
          ],
          "summary": {
            "covered_lines": 8,
            "num_statements": 8,
            "percent_covered": 100.0,
            "percent_covered_display": "100",
            "missing_lines": 0,
            "excluded_lines": 0
          },
          "missing_lines": [],
          "excluded_lines": []
        },
        "ResetCommand.__post_init__": {
          "executed_lines": [
            436,
            437,
            438,
            439,
            441,
            442,
            446,
            448
          ],
          "summary": {
            "covered_lines": 8,
            "num_statements": 10,
            "percent_covered": 80.0,
            "percent_covered_display": "80",
            "missing_lines": 2,
            "excluded_lines": 0
          },
          "missing_lines": [
            443,
            449
          ],
          "excluded_lines": []
        },
        "ResetCommand.__call__": {
          "executed_lines": [
            452,
            458
          ],
          "summary": {
            "covered_lines": 2,
            "num_statements": 2,
            "percent_covered": 100.0,
            "percent_covered_display": "100",
            "missing_lines": 0,
            "excluded_lines": 0
          },
          "missing_lines": [],
          "excluded_lines": []
        },
        "main": {
          "executed_lines": [],
          "summary": {
            "covered_lines": 0,
            "num_statements": 1,
            "percent_covered": 0.0,
            "percent_covered_display": "0",
            "missing_lines": 1,
            "excluded_lines": 0
          },
          "missing_lines": [
            473
          ],
          "excluded_lines": []
        },
        "": {
          "executed_lines": [
            1,
            3,
            4,
            6,
            7,
            8,
            9,
            10,
            11,
            12,
            13,
            14,
            15,
            16,
            17,
            18,
            19,
            20,
            21,
            24,
            25,
            27,
            28,
            29,
            32,
            38,
            39,
            40,
            47,
            48,
            49,
            54,
            59,
            65,
            81,
            82,
            83,
            100,
            104,
            111,
            129,
            130,
            131,
            148,
            152,
            153,
            154,
            156,
            161,
            166,
            171,
            178,
            184,
            189,
            195,
            216,
            243,
            259,
            260,
            261,
            278,
            281,
            285,
            286,
            291,
            296,
            301,
            306,
            311,
            317,
            323,
            330,
            348,
            372,
            373,
            374,
            388,
            392,
            393,
            398,
            403,
            408,
            413,
            419,
            424,
            429,
            435,
            451,
            465,
            466,
            467,
            468,
            469,
            472
          ],
          "summary": {
            "covered_lines": 90,
            "num_statements": 90,
            "percent_covered": 100.0,
            "percent_covered_display": "100",
            "missing_lines": 0,
            "excluded_lines": 0
          },
          "missing_lines": [],
          "excluded_lines": []
        }
      },
      "classes": {
        "_GlobalArgs": {
          "executed_lines": [],
          "summary": {
            "covered_lines": 0,
            "num_statements": 0,
            "percent_covered": 100.0,
            "percent_covered_display": "100",
            "missing_lines": 0,
            "excluded_lines": 0
          },
          "missing_lines": [],
          "excluded_lines": []
        },
        "_RecursiveArgs": {
          "executed_lines": [
            66,
            67,
            68,
            72,
            75
          ],
          "summary": {
            "covered_lines": 5,
            "num_statements": 8,
            "percent_covered": 62.5,
            "percent_covered_display": "62",
            "missing_lines": 3,
            "excluded_lines": 0
          },
          "missing_lines": [
            69,
            73,
            78
          ],
          "excluded_lines": []
        },
        "GetCommand": {
          "executed_lines": [
            112,
            113,
            115,
            118,
            119,
            120,
            122,
            123,
            124,
            126
          ],
          "summary": {
            "covered_lines": 10,
            "num_statements": 11,
            "percent_covered": 90.9090909090909,
            "percent_covered_display": "91",
            "missing_lines": 1,
            "excluded_lines": 0
          },
          "missing_lines": [
            116
          ],
          "excluded_lines": []
        },
        "SetCommand": {
          "executed_lines": [
            196,
            198,
            199,
            201,
            203,
            210,
            217,
            218,
            219,
            221,
            225,
            226,
            227,
            230,
            234,
            235,
            236,
            237,
            244,
            250
          ],
          "summary": {
            "covered_lines": 20,
            "num_statements": 26,
            "percent_covered": 76.92307692307692,
            "percent_covered_display": "77",
            "missing_lines": 6,
            "excluded_lines": 0
          },
          "missing_lines": [
            202,
            204,
            214,
            222,
            223,
            228
          ],
          "excluded_lines": []
        },
        "TransferCommand": {
          "executed_lines": [
            331,
            332,
            336,
            337,
            339,
            340,
            345,
            349,
            351,
            352,
            353,
            354,
            357,
            359,
            365
          ],
          "summary": {
            "covered_lines": 15,
            "num_statements": 18,
            "percent_covered": 83.33333333333333,
            "percent_covered_display": "83",
            "missing_lines": 3,
            "excluded_lines": 0
          },
          "missing_lines": [
            335,
            341,
            346
          ],
          "excluded_lines": []
        },
        "ResetCommand": {
          "executed_lines": [
            436,
            437,
            438,
            439,
            441,
            442,
            446,
            448,
            452,
            458
          ],
          "summary": {
            "covered_lines": 10,
            "num_statements": 12,
            "percent_covered": 83.33333333333333,
            "percent_covered_display": "83",
            "missing_lines": 2,
            "excluded_lines": 0
          },
          "missing_lines": [
            443,
            449
          ],
          "excluded_lines": []
        },
        "MacTime": {
          "executed_lines": [],
          "summary": {
            "covered_lines": 0,
            "num_statements": 0,
            "percent_covered": 100.0,
            "percent_covered_display": "100",
            "missing_lines": 0,
            "excluded_lines": 0
          },
          "missing_lines": [],
          "excluded_lines": []
        },
        "": {
          "executed_lines": [
            1,
            3,
            4,
            6,
            7,
            8,
            9,
            10,
            11,
            12,
            13,
            14,
            15,
            16,
            17,
            18,
            19,
            20,
            21,
            24,
            25,
            27,
            28,
            29,
            32,
            38,
            39,
            40,
            47,
            48,
            49,
            54,
            59,
            65,
            81,
            82,
            83,
            100,
            104,
            111,
            129,
            130,
            131,
            148,
            152,
            153,
            154,
            156,
            161,
            166,
            171,
            178,
            184,
            189,
            195,
            216,
            243,
            259,
            260,
            261,
            278,
            281,
            285,
            286,
            291,
            296,
            301,
            306,
            311,
            317,
            323,
            330,
            348,
            372,
            373,
            374,
            388,
            392,
            393,
            398,
            403,
            408,
            413,
            419,
            424,
            429,
            435,
            451,
            465,
            466,
            467,
            468,
            469,
            472
          ],
          "summary": {
            "covered_lines": 90,
            "num_statements": 91,
            "percent_covered": 98.9010989010989,
            "percent_covered_display": "99",
            "missing_lines": 1,
            "excluded_lines": 0
          },
          "missing_lines": [
            473
          ],
          "excluded_lines": []
        }
      }
    },
    "src/mactime/constants.py": {
      "executed_lines": [
        1,
        2,
        3,
        4,
        6,
        7,
        8,
        9,
        10,
        11,
        14,
        15,
        16,
        17,
        18,
        19,
        20,
        22,
        24,
        29,
        30,
        31,
        32,
        33,
        34,
        35,
        36,
        39,
        41,
        50,
        51,
        52,
        60,
        62,
        65
      ],
      "summary": {
        "covered_lines": 35,
        "num_statements": 35,
        "percent_covered": 100.0,
        "percent_covered_display": "100",
        "missing_lines": 0,
        "excluded_lines": 0
      },
      "missing_lines": [],
      "excluded_lines": [],
      "functions": {
        "": {
          "executed_lines": [
            1,
            2,
            3,
            4,
            6,
            7,
            8,
            9,
            10,
            11,
            14,
            15,
            16,
            17,
            18,
            19,
            20,
            22,
            24,
            29,
            30,
            31,
            32,
            33,
            34,
            35,
            36,
            39,
            41,
            50,
            51,
            52,
            60,
            62,
            65
          ],
          "summary": {
            "covered_lines": 35,
            "num_statements": 35,
            "percent_covered": 100.0,
            "percent_covered_display": "100",
            "missing_lines": 0,
            "excluded_lines": 0
          },
          "missing_lines": [],
          "excluded_lines": []
        }
      },
      "classes": {
        "": {
          "executed_lines": [
            1,
            2,
            3,
            4,
            6,
            7,
            8,
            9,
            10,
            11,
            14,
            15,
            16,
            17,
            18,
            19,
            20,
            22,
            24,
            29,
            30,
            31,
            32,
            33,
            34,
            35,
            36,
            39,
            41,
            50,
            51,
            52,
            60,
            62,
            65
          ],
          "summary": {
            "covered_lines": 35,
            "num_statements": 35,
            "percent_covered": 100.0,
            "percent_covered_display": "100",
            "missing_lines": 0,
            "excluded_lines": 0
          },
          "missing_lines": [],
          "excluded_lines": []
        }
      }
    },
    "src/mactime/core.py": {
      "executed_lines": [
        1,
        7,
        9,
        10,
        11,
        12,
        13,
        15,
        25,
        26,
        27,
        28,
        29,
        31,
        32,
        33,
        34,
        35,
        36,
        37,
        39,
        40,
        41,
        44,
        49,
        50,
        61,
        62,
        63,
        70,
        73,
        74,
        75,
        76,
        77,
        78,
        79,
        82,
        83,
        86,
        87,
        88,
        89,
        90,
        91,
        92,
        95,
        96,
        97,
        100,
        103,
        110,
        111,
        113,
        114,
        115,
        116,
        117,
        118,
        120,
        121,
        126,
        127,
        130,
        131,
        134,
        135,
        138,
        141,
        142,
        143,
        144,
        146,
        147,
        148,
        149,
        151,
        159,
        161,
        168,
        172,
        173,
        174,
        175,
        176,
        177,
        179,
        180,
        182,
        191,
        192,
        193,
        206,
        208,
        211,
        212,
        213,
        214,
        215,
        220,
        221,
        222,
        223,
        227,
        229,
        230,
        231,
        232,
        233,
        234,
        241,
        242,
        243,
        245,
        248,
        250,
        251,
        252,
        253,
        254,
        255,
        258,
        259,
        260,
        263,
        270,
        271,
        272,
        275,
        279
      ],
      "summary": {
        "covered_lines": 129,
        "num_statements": 140,
        "percent_covered": 92.14285714285714,
        "percent_covered_display": "92",
        "missing_lines": 11,
        "excluded_lines": 0
      },
      "missing_lines": [
        45,
        46,
        98,
        101,
        104,
        107,
        207,
        235,
        256,
        276,
        277
      ],
      "excluded_lines": [],
      "functions": {
        "BaseStructure.from_python": {
          "executed_lines": [],
          "summary": {
            "covered_lines": 0,
            "num_statements": 1,
            "percent_covered": 0.0,
            "percent_covered_display": "0",
            "missing_lines": 1,
            "excluded_lines": 0
          },
          "missing_lines": [
            98
          ],
          "excluded_lines": []
        },
        "BaseStructure.to_python": {
          "executed_lines": [],
          "summary": {
            "covered_lines": 0,
            "num_statements": 1,
            "percent_covered": 0.0,
            "percent_covered_display": "0",
            "missing_lines": 1,
            "excluded_lines": 0
          },
          "missing_lines": [
            101
          ],
          "excluded_lines": []
        },
        "BaseStructure.__repr__": {
          "executed_lines": [],
          "summary": {
            "covered_lines": 0,
            "num_statements": 2,
            "percent_covered": 0.0,
            "percent_covered_display": "0",
            "missing_lines": 2,
            "excluded_lines": 0
          },
          "missing_lines": [
            104,
            107
          ],
          "excluded_lines": []
        },
        "Timespec.from_python": {
          "executed_lines": [
            115,
            116,
            117,
            118
          ],
          "summary": {
            "covered_lines": 4,
            "num_statements": 4,
            "percent_covered": 100.0,
            "percent_covered_display": "100",
            "missing_lines": 0,
            "excluded_lines": 0
          },
          "missing_lines": [],
          "excluded_lines": []
        },
        "Timespec.to_python": {
          "executed_lines": [
            121
          ],
          "summary": {
            "covered_lines": 1,
            "num_statements": 1,
            "percent_covered": 100.0,
            "percent_covered_display": "100",
            "missing_lines": 0,
            "excluded_lines": 0
          },
          "missing_lines": [],
          "excluded_lines": []
        },
        "format_options": {
          "executed_lines": [
            135
          ],
          "summary": {
            "covered_lines": 1,
            "num_statements": 1,
            "percent_covered": 100.0,
            "percent_covered_display": "100",
            "missing_lines": 0,
            "excluded_lines": 0
          },
          "missing_lines": [],
          "excluded_lines": []
        },
        "set_timespec_attrs": {
          "executed_lines": [
            141,
            142,
            143,
            144,
            146,
            147,
            148,
            149,
            151,
            159,
            161
          ],
          "summary": {
            "covered_lines": 11,
            "num_statements": 11,
            "percent_covered": 100.0,
            "percent_covered_display": "100",
            "missing_lines": 0,
            "excluded_lines": 0
          },
          "missing_lines": [],
          "excluded_lines": []
        },
        "modify_macos_times": {
          "executed_lines": [
            172,
            173,
            174,
            175,
            176,
            177,
            179,
            180,
            182
          ],
          "summary": {
            "covered_lines": 9,
            "num_statements": 9,
            "percent_covered": 100.0,
            "percent_covered_display": "100",
            "missing_lines": 0,
            "excluded_lines": 0
          },
          "missing_lines": [],
          "excluded_lines": []
        },
        "get_last_opened_date": {
          "executed_lines": [
            192,
            193,
            206,
            208
          ],
          "summary": {
            "covered_lines": 4,
            "num_statements": 5,
            "percent_covered": 80.0,
            "percent_covered_display": "80",
            "missing_lines": 1,
            "excluded_lines": 0
          },
          "missing_lines": [
            207
          ],
          "excluded_lines": []
        },
        "get_timespec_attrs": {
          "executed_lines": [
            212,
            213,
            214,
            215,
            220,
            221,
            222,
            223,
            227,
            229,
            230,
            231,
            232,
            233,
            234,
            241,
            242,
            243,
            245
          ],
          "summary": {
            "covered_lines": 19,
            "num_statements": 20,
            "percent_covered": 95.0,
            "percent_covered_display": "95",
            "missing_lines": 1,
            "excluded_lines": 0
          },
          "missing_lines": [
            235
          ],
          "excluded_lines": []
        },
        "get_files_recursive": {
          "executed_lines": [
            250,
            251,
            252,
            253,
            254,
            255,
            258,
            259,
            260
          ],
          "summary": {
            "covered_lines": 9,
            "num_statements": 10,
            "percent_covered": 90.0,
            "percent_covered_display": "90",
            "missing_lines": 1,
            "excluded_lines": 0
          },
          "missing_lines": [
            256
          ],
          "excluded_lines": []
        },
        "set_file_times": {
          "executed_lines": [
            270,
            271,
            272,
            275,
            279
          ],
          "summary": {
            "covered_lines": 5,
            "num_statements": 7,
            "percent_covered": 71.42857142857143,
            "percent_covered_display": "71",
            "missing_lines": 2,
            "excluded_lines": 0
          },
          "missing_lines": [
            276,
            277
          ],
          "excluded_lines": []
        },
        "": {
          "executed_lines": [
            1,
            7,
            9,
            10,
            11,
            12,
            13,
            15,
            25,
            26,
            27,
            28,
            29,
            31,
            32,
            33,
            34,
            35,
            36,
            37,
            39,
            40,
            41,
            44,
            49,
            50,
            61,
            62,
            63,
            70,
            73,
            74,
            75,
            76,
            77,
            78,
            79,
            82,
            83,
            86,
            87,
            88,
            89,
            90,
            91,
            92,
            95,
            96,
            97,
            100,
            103,
            110,
            111,
            113,
            114,
            120,
            126,
            127,
            130,
            131,
            134,
            138,
            168,
            191,
            211,
            248,
            263
          ],
          "summary": {
            "covered_lines": 66,
            "num_statements": 68,
            "percent_covered": 97.05882352941177,
            "percent_covered_display": "97",
            "missing_lines": 2,
            "excluded_lines": 0
          },
          "missing_lines": [
            45,
            46
          ],
          "excluded_lines": []
        }
      },
      "classes": {
        "AttrList": {
          "executed_lines": [],
          "summary": {
            "covered_lines": 0,
            "num_statements": 0,
            "percent_covered": 100.0,
            "percent_covered_display": "100",
            "missing_lines": 0,
            "excluded_lines": 0
          },
          "missing_lines": [],
          "excluded_lines": []
        },
        "TimeSpecAttrs": {
          "executed_lines": [],
          "summary": {
            "covered_lines": 0,
            "num_statements": 0,
            "percent_covered": 100.0,
            "percent_covered_display": "100",
            "missing_lines": 0,
            "excluded_lines": 0
          },
          "missing_lines": [],
          "excluded_lines": []
        },
        "TimeAttrs": {
          "executed_lines": [],
          "summary": {
            "covered_lines": 0,
            "num_statements": 0,
            "percent_covered": 100.0,
            "percent_covered_display": "100",
            "missing_lines": 0,
            "excluded_lines": 0
          },
          "missing_lines": [],
          "excluded_lines": []
        },
        "TimeSpecArgs": {
          "executed_lines": [],
          "summary": {
            "covered_lines": 0,
            "num_statements": 0,
            "percent_covered": 100.0,
            "percent_covered_display": "100",
            "missing_lines": 0,
            "excluded_lines": 0
          },
          "missing_lines": [],
          "excluded_lines": []
        },
        "BaseStructure": {
          "executed_lines": [],
          "summary": {
            "covered_lines": 0,
            "num_statements": 4,
            "percent_covered": 0.0,
            "percent_covered_display": "0",
            "missing_lines": 4,
            "excluded_lines": 0
          },
          "missing_lines": [
            98,
            101,
            104,
            107
          ],
          "excluded_lines": []
        },
        "Timespec": {
          "executed_lines": [
            115,
            116,
            117,
            118,
            121
          ],
          "summary": {
            "covered_lines": 5,
            "num_statements": 5,
            "percent_covered": 100.0,
            "percent_covered_display": "100",
            "missing_lines": 0,
            "excluded_lines": 0
          },
          "missing_lines": [],
          "excluded_lines": []
        },
        "TimespecRequest": {
          "executed_lines": [],
          "summary": {
            "covered_lines": 0,
            "num_statements": 0,
            "percent_covered": 100.0,
            "percent_covered_display": "100",
            "missing_lines": 0,
            "excluded_lines": 0
          },
          "missing_lines": [],
          "excluded_lines": []
        },
        "BulkTimespecRequest": {
          "executed_lines": [],
          "summary": {
            "covered_lines": 0,
            "num_statements": 0,
            "percent_covered": 100.0,
            "percent_covered_display": "100",
            "missing_lines": 0,
            "excluded_lines": 0
          },
          "missing_lines": [],
          "excluded_lines": []
        },
        "": {
          "executed_lines": [
            1,
            7,
            9,
            10,
            11,
            12,
            13,
            15,
            25,
            26,
            27,
            28,
            29,
            31,
            32,
            33,
            34,
            35,
            36,
            37,
            39,
            40,
            41,
            44,
            49,
            50,
            61,
            62,
            63,
            70,
            73,
            74,
            75,
            76,
            77,
            78,
            79,
            82,
            83,
            86,
            87,
            88,
            89,
            90,
            91,
            92,
            95,
            96,
            97,
            100,
            103,
            110,
            111,
            113,
            114,
            120,
            126,
            127,
            130,
            131,
            134,
            135,
            138,
            141,
            142,
            143,
            144,
            146,
            147,
            148,
            149,
            151,
            159,
            161,
            168,
            172,
            173,
            174,
            175,
            176,
            177,
            179,
            180,
            182,
            191,
            192,
            193,
            206,
            208,
            211,
            212,
            213,
            214,
            215,
            220,
            221,
            222,
            223,
            227,
            229,
            230,
            231,
            232,
            233,
            234,
            241,
            242,
            243,
            245,
            248,
            250,
            251,
            252,
            253,
            254,
            255,
            258,
            259,
            260,
            263,
            270,
            271,
            272,
            275,
            279
          ],
          "summary": {
            "covered_lines": 124,
            "num_statements": 131,
            "percent_covered": 94.65648854961832,
            "percent_covered_display": "95",
            "missing_lines": 7,
            "excluded_lines": 0
          },
          "missing_lines": [
            45,
            46,
            207,
            235,
            256,
            276,
            277
          ],
          "excluded_lines": []
        }
      }
    },
    "src/mactime/errors.py": {
      "executed_lines": [
        1,
        3,
        4,
        5,
        6,
        9,
        10,
        12,
        15,
        16,
        19,
        20,
        23,
        24,
        26,
        27,
        28,
        29,
        31,
        44,
        45,
        46,
        47,
        49,
        50,
        51,
        52,
        59,
        60,
        61,
        62,
        65,
        66,
        67,
        68,
        71,
        72,
        73,
        74,
        77,
        78,
        79,
        80,
        83,
        84,
        85,
        86
      ],
      "summary": {
        "covered_lines": 45,
        "num_statements": 53,
        "percent_covered": 84.90566037735849,
        "percent_covered_display": "85",
        "missing_lines": 8,
        "excluded_lines": 0
      },
      "missing_lines": [
        38,
        39,
        40,
        41,
        42,
        54,
        55,
        56
      ],
      "excluded_lines": [],
      "functions": {
        "FSOperationError.__init__": {
          "executed_lines": [],
          "summary": {
            "covered_lines": 0,
            "num_statements": 5,
            "percent_covered": 0.0,
            "percent_covered_display": "0",
            "missing_lines": 5,
            "excluded_lines": 0
          },
          "missing_lines": [
            38,
            39,
            40,
            41,
            42
          ],
          "excluded_lines": []
        },
        "FSOperationError.__init_subclass__": {
          "executed_lines": [
            45,
            46,
            47
          ],
          "summary": {
            "covered_lines": 3,
            "num_statements": 3,
            "percent_covered": 100.0,
            "percent_covered_display": "100",
            "missing_lines": 0,
            "excluded_lines": 0
          },
          "missing_lines": [],
          "excluded_lines": []
        },
        "FSOperationError.check_call": {
          "executed_lines": [
            51,
            52
          ],
          "summary": {
            "covered_lines": 2,
            "num_statements": 5,
            "percent_covered": 40.0,
            "percent_covered_display": "40",
            "missing_lines": 3,
            "excluded_lines": 0
          },
          "missing_lines": [
            54,
            55,
            56
          ],
          "excluded_lines": []
        },
        "": {
          "executed_lines": [
            1,
            3,
            4,
            5,
            6,
            9,
            10,
            12,
            15,
            16,
            19,
            20,
            23,
            24,
            26,
            27,
            28,
            29,
            31,
            44,
            49,
            50,
            59,
            60,
            61,
            62,
            65,
            66,
            67,
            68,
            71,
            72,
            73,
            74,
            77,
            78,
            79,
            80,
            83,
            84,
            85,
            86
          ],
          "summary": {
            "covered_lines": 40,
            "num_statements": 40,
            "percent_covered": 100.0,
            "percent_covered_display": "100",
            "missing_lines": 0,
            "excluded_lines": 0
          },
          "missing_lines": [],
          "excluded_lines": []
        }
      },
      "classes": {
        "MacTimeError": {
          "executed_lines": [],
          "summary": {
            "covered_lines": 0,
            "num_statements": 0,
            "percent_covered": 100.0,
            "percent_covered_display": "100",
            "missing_lines": 0,
            "excluded_lines": 0
          },
          "missing_lines": [],
          "excluded_lines": []
        },
        "ArgumentsError": {
          "executed_lines": [],
          "summary": {
            "covered_lines": 0,
            "num_statements": 0,
            "percent_covered": 100.0,
            "percent_covered_display": "100",
            "missing_lines": 0,
            "excluded_lines": 0
          },
          "missing_lines": [],
          "excluded_lines": []
        },
        "NotEnoughArgumentsError": {
          "executed_lines": [],
          "summary": {
            "covered_lines": 0,
            "num_statements": 0,
            "percent_covered": 100.0,
            "percent_covered_display": "100",
            "missing_lines": 0,
            "excluded_lines": 0
          },
          "missing_lines": [],
          "excluded_lines": []
        },
        "FSOperationError": {
          "executed_lines": [
            45,
            46,
            47,
            51,
            52
          ],
          "summary": {
            "covered_lines": 5,
            "num_statements": 13,
            "percent_covered": 38.46153846153846,
            "percent_covered_display": "38",
            "missing_lines": 8,
            "excluded_lines": 0
          },
          "missing_lines": [
            38,
            39,
            40,
            41,
            42,
            54,
            55,
            56
          ],
          "excluded_lines": []
        },
        "PathNotFoundError": {
          "executed_lines": [],
          "summary": {
            "covered_lines": 0,
            "num_statements": 0,
            "percent_covered": 100.0,
            "percent_covered_display": "100",
            "missing_lines": 0,
            "excluded_lines": 0
          },
          "missing_lines": [],
          "excluded_lines": []
        },
        "FSPermissionError": {
          "executed_lines": [],
          "summary": {
            "covered_lines": 0,
            "num_statements": 0,
            "percent_covered": 100.0,
            "percent_covered_display": "100",
            "missing_lines": 0,
            "excluded_lines": 0
          },
          "missing_lines": [],
          "excluded_lines": []
        },
        "InvalidAttributeError": {
          "executed_lines": [],
          "summary": {
            "covered_lines": 0,
            "num_statements": 0,
            "percent_covered": 100.0,
            "percent_covered_display": "100",
            "missing_lines": 0,
            "excluded_lines": 0
          },
          "missing_lines": [],
          "excluded_lines": []
        },
        "UnsupportedOperationError": {
          "executed_lines": [],
          "summary": {
            "covered_lines": 0,
            "num_statements": 0,
            "percent_covered": 100.0,
            "percent_covered_display": "100",
            "missing_lines": 0,
            "excluded_lines": 0
          },
          "missing_lines": [],
          "excluded_lines": []
        },
        "FileIOError": {
          "executed_lines": [],
          "summary": {
            "covered_lines": 0,
            "num_statements": 0,
            "percent_covered": 100.0,
            "percent_covered_display": "100",
            "missing_lines": 0,
            "excluded_lines": 0
          },
          "missing_lines": [],
          "excluded_lines": []
        },
        "": {
          "executed_lines": [
            1,
            3,
            4,
            5,
            6,
            9,
            10,
            12,
            15,
            16,
            19,
            20,
            23,
            24,
            26,
            27,
            28,
            29,
            31,
            44,
            49,
            50,
            59,
            60,
            61,
            62,
            65,
            66,
            67,
            68,
            71,
            72,
            73,
            74,
            77,
            78,
            79,
            80,
            83,
            84,
            85,
            86
          ],
          "summary": {
            "covered_lines": 40,
            "num_statements": 40,
            "percent_covered": 100.0,
            "percent_covered_display": "100",
            "missing_lines": 0,
            "excluded_lines": 0
          },
          "missing_lines": [],
          "excluded_lines": []
        }
      }
    },
    "src/mactime/logger.py": {
      "executed_lines": [
        1,
        3,
        6
      ],
      "summary": {
        "covered_lines": 3,
        "num_statements": 3,
        "percent_covered": 100.0,
        "percent_covered_display": "100",
        "missing_lines": 0,
        "excluded_lines": 0
      },
      "missing_lines": [],
      "excluded_lines": [],
      "functions": {
        "": {
          "executed_lines": [
            1,
            3,
            6
          ],
          "summary": {
            "covered_lines": 3,
            "num_statements": 3,
            "percent_covered": 100.0,
            "percent_covered_display": "100",
            "missing_lines": 0,
            "excluded_lines": 0
          },
          "missing_lines": [],
          "excluded_lines": []
        }
      },
      "classes": {
        "": {
          "executed_lines": [
            1,
            3,
            6
          ],
          "summary": {
            "covered_lines": 3,
            "num_statements": 3,
            "percent_covered": 100.0,
            "percent_covered_display": "100",
            "missing_lines": 0,
            "excluded_lines": 0
          },
          "missing_lines": [],
          "excluded_lines": []
        }
      }
    }
  },
  "totals": {
    "covered_lines": 481,
    "num_statements": 543,
    "percent_covered": 88.58195211786372,
    "percent_covered_display": "89",
    "missing_lines": 62,
    "excluded_lines": 10
  }
}